[debug] [2025-08-13T12:26:17.476Z] ----------------------------------------------------------------------
[debug] [2025-08-13T12:26:17.479Z] Command:       C:\nvm4w\nodejs\node.exe C:\Users\HELLO\AppData\Roaming\npm\node_modules\firebase-tools\lib\bin\firebase.js init
[debug] [2025-08-13T12:26:17.479Z] CLI Version:   14.4.0
[debug] [2025-08-13T12:26:17.480Z] Platform:      win32
[debug] [2025-08-13T12:26:17.480Z] Node Version:  v24.3.0
[debug] [2025-08-13T12:26:17.480Z] Time:          Wed Aug 13 2025 17:56:17 GMT+0530 (India Standard Time)
[debug] [2025-08-13T12:26:17.480Z] ----------------------------------------------------------------------
[debug] 
[debug] [2025-08-13T12:26:17.484Z] > command requires scopes: ["email","openid","https://www.googleapis.com/auth/cloudplatformprojects.readonly","https://www.googleapis.com/auth/firebase","https://www.googleapis.com/auth/cloud-platform"]
[debug] [2025-08-13T12:26:17.484Z] > authorizing via signed-in user (devadharaharshil@gmail.com)
[info] 
     ######## #### ########  ######## ########     ###     ######  ########
     ##        ##  ##     ## ##       ##     ##  ##   ##  ##       ##
     ######    ##  ########  ######   ########  #########  ######  ######
     ##        ##  ##    ##  ##       ##     ## ##     ##       ## ##
     ##       #### ##     ## ######## ########  ##     ##  ######  ########

You're about to initialize a Firebase project in this directory:

  F:\helti

[info] 
=== Project Setup
[info] 
[info] First, let's associate this project directory with a Firebase project.
[info] You can create multiple project aliases by running firebase use --add, 
[info] but for now we'll just set up a default project.
[info] 
[info] i  If you want to create a project in a Google Cloud organization or folder, please use "firebase projects:create" instead, and return to this command when you've created the project. 
[debug] [2025-08-13T12:26:47.047Z] Checked if tokens are valid: true, expires at: 1755091559232
[debug] [2025-08-13T12:26:47.047Z] Checked if tokens are valid: true, expires at: 1755091559232
[debug] [2025-08-13T12:26:47.048Z] >>> [apiv2][query] POST https://cloudresourcemanager.googleapis.com/v1/projects [none]
[debug] [2025-08-13T12:26:47.049Z] >>> [apiv2][body] POST https://cloudresourcemanager.googleapis.com/v1/projects {"projectId":"sukoonblog-2020","name":"antardeshik"}
[debug] [2025-08-13T12:26:48.643Z] <<< [apiv2][status] POST https://cloudresourcemanager.googleapis.com/v1/projects 200
[debug] [2025-08-13T12:26:48.643Z] <<< [apiv2][body] POST https://cloudresourcemanager.googleapis.com/v1/projects {"name":"operations/create_project.global.4729919147259211537"}
[debug] [2025-08-13T12:26:48.644Z] Checked if tokens are valid: true, expires at: 1755091559232
[debug] [2025-08-13T12:26:48.644Z] Checked if tokens are valid: true, expires at: 1755091559232
[debug] [2025-08-13T12:26:48.644Z] >>> [apiv2][query] GET https://cloudresourcemanager.googleapis.com/v1/operations/create_project.global.4729919147259211537 [none]
[debug] [2025-08-13T12:26:50.050Z] <<< [apiv2][status] GET https://cloudresourcemanager.googleapis.com/v1/operations/create_project.global.4729919147259211537 200
[debug] [2025-08-13T12:26:50.050Z] <<< [apiv2][body] GET https://cloudresourcemanager.googleapis.com/v1/operations/create_project.global.4729919147259211537 {"name":"operations/create_project.global.4729919147259211537","metadata":{"@type":"type.googleapis.com/google.cloudresourcemanager.v1.ProjectCreationStatus","gettable":true,"ready":true},"done":true,"response":{"@type":"type.googleapis.com/google.cloudresourcemanager.v1.Project","projectNumber":"726632346791","projectId":"sukoonblog-2020","lifecycleState":"ACTIVE","name":"antardeshik","createTime":"2025-08-13T12:26:49.832861Z"}}
[debug] [2025-08-13T12:26:50.058Z] Checked if tokens are valid: true, expires at: 1755091559232
[debug] [2025-08-13T12:26:50.058Z] Checked if tokens are valid: true, expires at: 1755091559232
[debug] [2025-08-13T12:26:50.059Z] >>> [apiv2][query] POST https://firebase.googleapis.com/v1beta1/projects/sukoonblog-2020:addFirebase [none]
[debug] [2025-08-13T12:26:50.960Z] <<< [apiv2][status] POST https://firebase.googleapis.com/v1beta1/projects/sukoonblog-2020:addFirebase 403
[debug] [2025-08-13T12:26:50.960Z] <<< [apiv2][body] POST https://firebase.googleapis.com/v1beta1/projects/sukoonblog-2020:addFirebase {"error":{"code":403,"message":"The caller does not have permission","status":"PERMISSION_DENIED"}}
[debug] [2025-08-13T12:26:50.963Z] Request to https://firebase.googleapis.com/v1beta1/projects/sukoonblog-2020:addFirebase had HTTP Error: 403, The caller does not have permission
[debug] [2025-08-13T12:26:51.073Z] FirebaseError: Request to https://firebase.googleapis.com/v1beta1/projects/sukoonblog-2020:addFirebase had HTTP Error: 403, The caller does not have permission
    at responseToError (C:\Users\HELLO\AppData\Roaming\npm\node_modules\firebase-tools\lib\responseToError.js:52:12)
    at RetryOperation._fn (C:\Users\HELLO\AppData\Roaming\npm\node_modules\firebase-tools\lib\apiv2.js:312:77)
    at process.processTicksAndRejections (node:internal/process/task_queues:105:5)
[error] 
[error] Error: Failed to add Firebase to Google Cloud Platform project. See firebase-debug.log for more info.
